# JRE version: OpenJDK Runtime Environment Temurin-21.0.10+7 (21.0.10+7) (build 21.0.10+7-LTS)
# Java VM: OpenJDK 64-Bit Server VM Temurin-21.0.10+7 (21.0.10+7-LTS, mixed mode, sharing, tiered, compressed oops, compressed class ptrs, parallel gc, windows-amd64)
GC Precious Log:
 CardTable entry size: 512
 CPUs: 8 total, 8 available
 Memory: 16194M
 Large Page Support: Disabled
 NUMA Support: Disabled
 Compressed Oops: Enabled (32-bit)
 Alignments: Space 512K, Generation 512K, Heap 2M
 Heap Min Capacity: 100M
 Heap Initial Capacity: 100M
 Heap Max Capacity: 2G
 Pre-touch: Disabled
 Parallel Workers: 8
Heap:
 PSYoungGen      total 3072K, used 229K [0x00000000d5580000, 0x00000000d5d00000, 0x0000000100000000)
  eden space 2560K, 0% used [0x00000000d5580000,0x00000000d55814e0,0x00000000d5800000)
  from space 512K, 43% used [0x00000000d5c00000,0x00000000d5c38000,0x00000000d5c80000)
  to   space 512K, 0% used [0x00000000d5c80000,0x00000000d5c80000,0x00000000d5d00000)
 ParOldGen       total 999936K, used 998616K [0x0000000080000000, 0x00000000bd080000, 0x00000000d5580000)
  object space 999936K, 99% used [0x0000000080000000,0x00000000bcf36088,0x00000000bd080000)
 Metaspace       used 90984K, committed 92672K, reserved 1179648K
  class space    used 9115K, committed 9920K, reserved 1048576K
GC Heap History (20 events):
Event: 147244.607 GC heap before
{Heap before GC invocations=2717 (full 5):
 PSYoungGen      total 8704K, used 8672K [0x00000000d5580000, 0x00000000d6a00000, 0x0000000100000000)
  eden space 4608K, 100% used [0x00000000d5580000,0x00000000d5a00000,0x00000000d5a00000)
  from space 4096K, 99% used [0x00000000d5c00000,0x00000000d5ff8228,0x00000000d6000000)
  to   space 8192K, 0% used [0x00000000d6200000,0x00000000d6200000,0x00000000d6a00000)
 ParOldGen       total 920064K, used 919867K [0x0000000080000000, 0x00000000b8280000, 0x00000000d5580000)
  object space 920064K, 99% used [0x0000000080000000,0x00000000b824ec28,0x00000000b8280000)
 Metaspace       used 90949K, committed 92544K, reserved 1179648K
  class space    used 9112K, committed 9856K, reserved 1048576K
}
Event: 147244.615 GC heap after
{Heap after GC invocations=2717 (full 5):
 PSYoungGen      total 9728K, used 4736K [0x00000000d5580000, 0x00000000d6700000, 0x0000000100000000)
  eden space 4608K, 0% used [0x00000000d5580000,0x00000000d5580000,0x00000000d5a00000)
  from space 5120K, 92% used [0x00000000d6200000,0x00000000d66a0000,0x00000000d6700000)
  to   space 5632K, 0% used [0x00000000d5c00000,0x00000000d5c00000,0x00000000d6180000)
 ParOldGen       total 924160K, used 923975K [0x0000000080000000, 0x00000000b8680000, 0x00000000d5580000)
  object space 924160K, 99% used [0x0000000080000000,0x00000000b8651e60,0x00000000b8680000)
 Metaspace       used 90949K, committed 92544K, reserved 1179648K
  class space    used 9112K, committed 9856K, reserved 1048576K
}
Event: 147244.720 GC heap before
{Heap before GC invocations=2718 (full 5):
 PSYoungGen      total 9728K, used 8770K [0x00000000d5580000, 0x00000000d6700000, 0x0000000100000000)
  eden space 4608K, 87% used [0x00000000d5580000,0x00000000d5970ba8,0x00000000d5a00000)
  from space 5120K, 92% used [0x00000000d6200000,0x00000000d66a0000,0x00000000d6700000)
  to   space 5632K, 0% used [0x00000000d5c00000,0x00000000d5c00000,0x00000000d6180000)
 ParOldGen       total 924160K, used 923975K [0x0000000080000000, 0x00000000b8680000, 0x00000000d5580000)
  object space 924160K, 99% used [0x0000000080000000,0x00000000b8651e60,0x00000000b8680000)
 Metaspace       used 90949K, committed 92544K, reserved 1179648K
  class space    used 9112K, committed 9856K, reserved 1048576K
}
Event: 147244.726 GC heap after
{Heap after GC invocations=2718 (full 5):
 PSYoungGen      total 8192K, used 3324K [0x00000000d5580000, 0x00000000d6280000, 0x0000000100000000)
  eden space 4608K, 0% used [0x00000000d5580000,0x00000000d5580000,0x00000000d5a00000)
  from space 3584K, 92% used [0x00000000d5c00000,0x00000000d5f3f3c8,0x00000000d5f80000)
  to   space 3072K, 0% used [0x00000000d5f80000,0x00000000d5f80000,0x00000000d6280000)
 ParOldGen       total 928768K, used 928615K [0x0000000080000000, 0x00000000b8b00000, 0x00000000d5580000)
  object space 928768K, 99% used [0x0000000080000000,0x00000000b8ad9e60,0x00000000b8b00000)
 Metaspace       used 90949K, committed 92544K, reserved 1179648K
  class space    used 9112K, committed 9856K, reserved 1048576K
}
Event: 147248.474 GC heap before
{Heap before GC invocations=2719 (full 5):
 PSYoungGen      total 8192K, used 7932K [0x00000000d5580000, 0x00000000d6280000, 0x0000000100000000)
  eden space 4608K, 100% used [0x00000000d5580000,0x00000000d5a00000,0x00000000d5a00000)
  from space 3584K, 92% used [0x00000000d5c00000,0x00000000d5f3f3c8,0x00000000d5f80000)
  to   space 3072K, 0% used [0x00000000d5f80000,0x00000000d5f80000,0x00000000d6280000)
 ParOldGen       total 928768K, used 928615K [0x0000000080000000, 0x00000000b8b00000, 0x00000000d5580000)
  object space 928768K, 99% used [0x0000000080000000,0x00000000b8ad9e60,0x00000000b8b00000)
 Metaspace       used 90949K, committed 92544K, reserved 1179648K
  class space    used 9112K, committed 9856K, reserved 1048576K
}
Event: 147248.479 GC heap after
{Heap after GC invocations=2719 (full 5):
 PSYoungGen      total 5632K, used 3069K [0x00000000d5580000, 0x00000000d6900000, 0x0000000100000000)
  eden space 2560K, 0% used [0x00000000d5580000,0x00000000d5580000,0x00000000d5800000)
  from space 3072K, 99% used [0x00000000d5f80000,0x00000000d627f658,0x00000000d6280000)
  to   space 7680K, 0% used [0x00000000d5800000,0x00000000d5800000,0x00000000d5f80000)
 ParOldGen       total 932352K, used 932240K [0x0000000080000000, 0x00000000b8e80000, 0x00000000d5580000)
  object space 932352K, 99% used [0x0000000080000000,0x00000000b8e64320,0x00000000b8e80000)
 Metaspace       used 90949K, committed 92544K, reserved 1179648K
  class space    used 9112K, committed 9856K, reserved 1048576K
}
Event: 147248.533 GC heap before
{Heap before GC invocations=2720 (full 5):
 PSYoungGen      total 5632K, used 5619K [0x00000000d5580000, 0x00000000d6900000, 0x0000000100000000)
  eden space 2560K, 99% used [0x00000000d5580000,0x00000000d57fd680,0x00000000d5800000)
  from space 3072K, 99% used [0x00000000d5f80000,0x00000000d627f658,0x00000000d6280000)
  to   space 7680K, 0% used [0x00000000d5800000,0x00000000d5800000,0x00000000d5f80000)
 ParOldGen       total 932352K, used 932240K [0x0000000080000000, 0x00000000b8e80000, 0x00000000d5580000)
  object space 932352K, 99% used [0x0000000080000000,0x00000000b8e64320,0x00000000b8e80000)
 Metaspace       used 90951K, committed 92544K, reserved 1179648K
  class space    used 9112K, committed 9856K, reserved 1048576K
}
Event: 147248.537 GC heap after
{Heap after GC invocations=2720 (full 5):
 PSYoungGen      total 3584K, used 800K [0x00000000d5580000, 0x00000000d6000000, 0x0000000100000000)
  eden space 2560K, 0% used [0x00000000d5580000,0x00000000d5580000,0x00000000d5800000)
  from space 1024K, 78% used [0x00000000d5800000,0x00000000d58c8020,0x00000000d5900000)
  to   space 3072K, 0% used [0x00000000d5d00000,0x00000000d5d00000,0x00000000d6000000)
 ParOldGen       total 935424K, used 935200K [0x0000000080000000, 0x00000000b9180000, 0x00000000d5580000)
  object space 935424K, 99% used [0x0000000080000000,0x00000000b91481c8,0x00000000b9180000)
 Metaspace       used 90951K, committed 92544K, reserved 1179648K
  class space    used 9112K, committed 9856K, reserved 1048576K
}
Event: 147248.559 GC heap before
{Heap before GC invocations=2721 (full 5):
 PSYoungGen      total 3584K, used 3360K [0x00000000d5580000, 0x00000000d6000000, 0x0000000100000000)
  eden space 2560K, 100% used [0x00000000d5580000,0x00000000d5800000,0x00000000d5800000)
  from space 1024K, 78% used [0x00000000d5800000,0x00000000d58c8020,0x00000000d5900000)
  to   space 3072K, 0% used [0x00000000d5d00000,0x00000000d5d00000,0x00000000d6000000)
 ParOldGen       total 935424K, used 935200K [0x0000000080000000, 0x00000000b9180000, 0x00000000d5580000)
  object space 935424K, 99% used [0x0000000080000000,0x00000000b91481c8,0x00000000b9180000)
 Metaspace       used 90951K, committed 92544K, reserved 1179648K
  class space    used 9112K, committed 9856K, reserved 1048576K
}
Event: 147248.562 GC heap after
{Heap after GC invocations=2721 (full 5):
 PSYoungGen      total 3584K, used 608K [0x00000000d5580000, 0x00000000d5e00000, 0x0000000100000000)
  eden space 2560K, 0% used [0x00000000d5580000,0x00000000d5580000,0x00000000d5800000)
  from space 1024K, 59% used [0x00000000d5d00000,0x00000000d5d98000,0x00000000d5e00000)
  to   space 1536K, 0% used [0x00000000d5b00000,0x00000000d5b00000,0x00000000d5c80000)
 ParOldGen       total 935936K, used 935896K [0x0000000080000000, 0x00000000b9200000, 0x00000000d5580000)
  object space 935936K, 99% used [0x0000000080000000,0x00000000b91f6208,0x00000000b9200000)
 Metaspace       used 90951K, committed 92544K, reserved 1179648K
  class space    used 9112K, committed 9856K, reserved 1048576K
}
Event: 147248.618 GC heap before
{Heap before GC invocations=2722 (full 5):
 PSYoungGen      total 3584K, used 3168K [0x00000000d5580000, 0x00000000d5e00000, 0x0000000100000000)
  eden space 2560K, 100% used [0x00000000d5580000,0x00000000d5800000,0x00000000d5800000)
  from space 1024K, 59% used [0x00000000d5d00000,0x00000000d5d98000,0x00000000d5e00000)
  to   space 1536K, 0% used [0x00000000d5b00000,0x00000000d5b00000,0x00000000d5c80000)
 ParOldGen       total 935936K, used 935896K [0x0000000080000000, 0x00000000b9200000, 0x00000000d5580000)
  object space 935936K, 99% used [0x0000000080000000,0x00000000b91f6208,0x00000000b9200000)
 Metaspace       used 90955K, committed 92544K, reserved 1179648K
  class space    used 9113K, committed 9856K, reserved 1048576K
}
Event: 147248.621 GC heap after
{Heap after GC invocations=2722 (full 5):
 PSYoungGen      total 4096K, used 768K [0x00000000d5580000, 0x00000000d5d80000, 0x0000000100000000)
  eden space 2560K, 0% used [0x00000000d5580000,0x00000000d5580000,0x00000000d5800000)
  from space 1536K, 50% used [0x00000000d5b00000,0x00000000d5bc0000,0x00000000d5c80000)
  to   space 1024K, 0% used [0x00000000d5c80000,0x00000000d5c80000,0x00000000d5d80000)
 ParOldGen       total 936448K, used 936361K [0x0000000080000000, 0x00000000b9280000, 0x00000000d5580000)
  object space 936448K, 99% used [0x0000000080000000,0x00000000b926a638,0x00000000b9280000)
 Metaspace       used 90955K, committed 92544K, reserved 1179648K
  class space    used 9113K, committed 9856K, reserved 1048576K
}
Event: 147248.713 GC heap before
{Heap before GC invocations=2723 (full 5):
 PSYoungGen      total 4096K, used 3328K [0x00000000d5580000, 0x00000000d5d80000, 0x0000000100000000)
  eden space 2560K, 100% used [0x00000000d5580000,0x00000000d5800000,0x00000000d5800000)
  from space 1536K, 50% used [0x00000000d5b00000,0x00000000d5bc0000,0x00000000d5c80000)
  to   space 1024K, 0% used [0x00000000d5c80000,0x00000000d5c80000,0x00000000d5d80000)
 ParOldGen       total 999936K, used 997801K [0x0000000080000000, 0x00000000bd080000, 0x00000000d5580000)
  object space 999936K, 99% used [0x0000000080000000,0x00000000bce6a698,0x00000000bd080000)
 Metaspace       used 90966K, committed 92544K, reserved 1179648K
  class space    used 9113K, committed 9856K, reserved 1048576K
}
Event: 147248.716 GC heap after
{Heap after GC invocations=2723 (full 5):
 PSYoungGen      total 3072K, used 288K [0x00000000d5580000, 0x00000000d5d00000, 0x0000000100000000)
  eden space 2560K, 0% used [0x00000000d5580000,0x00000000d5580000,0x00000000d5800000)
  from space 512K, 56% used [0x00000000d5c80000,0x00000000d5cc8000,0x00000000d5d00000)
  to   space 512K, 0% used [0x00000000d5c00000,0x00000000d5c00000,0x00000000d5c80000)
 ParOldGen       total 999936K, used 998367K [0x0000000080000000, 0x00000000bd080000, 0x00000000d5580000)
  object space 999936K, 99% used [0x0000000080000000,0x00000000bcef7c68,0x00000000bd080000)
 Metaspace       used 90966K, committed 92544K, reserved 1179648K
  class space    used 9113K, committed 9856K, reserved 1048576K
}
Event: 147249.843 GC heap before
{Heap before GC invocations=2724 (full 5):
 PSYoungGen      total 3072K, used 2847K [0x00000000d5580000, 0x00000000d5d00000, 0x0000000100000000)
  eden space 2560K, 99% used [0x00000000d5580000,0x00000000d57fffd0,0x00000000d5800000)
  from space 512K, 56% used [0x00000000d5c80000,0x00000000d5cc8000,0x00000000d5d00000)
  to   space 512K, 0% used [0x00000000d5c00000,0x00000000d5c00000,0x00000000d5c80000)
 ParOldGen       total 999936K, used 998367K [0x0000000080000000, 0x00000000bd080000, 0x00000000d5580000)
  object space 999936K, 99% used [0x0000000080000000,0x00000000bcef7c68,0x00000000bd080000)
 Metaspace       used 90969K, committed 92544K, reserved 1179648K
  class space    used 9113K, committed 9856K, reserved 1048576K
}
Event: 147249.845 GC heap after
{Heap after GC invocations=2724 (full 5):
 PSYoungGen      total 3072K, used 320K [0x00000000d5580000, 0x00000000d5d00000, 0x0000000100000000)
  eden space 2560K, 0% used [0x00000000d5580000,0x00000000d5580000,0x00000000d5800000)
  from space 512K, 62% used [0x00000000d5c00000,0x00000000d5c50000,0x00000000d5c80000)
  to   space 512K, 0% used [0x00000000d5c80000,0x00000000d5c80000,0x00000000d5d00000)
 ParOldGen       total 999936K, used 998463K [0x0000000080000000, 0x00000000bd080000, 0x00000000d5580000)
  object space 999936K, 99% used [0x0000000080000000,0x00000000bcf0fc68,0x00000000bd080000)
 Metaspace       used 90969K, committed 92544K, reserved 1179648K
  class space    used 9113K, committed 9856K, reserved 1048576K
}
Event: 148684.580 GC heap before
{Heap before GC invocations=2725 (full 5):
 PSYoungGen      total 3072K, used 2879K [0x00000000d5580000, 0x00000000d5d00000, 0x0000000100000000)
  eden space 2560K, 99% used [0x00000000d5580000,0x00000000d57fff18,0x00000000d5800000)
  from space 512K, 62% used [0x00000000d5c00000,0x00000000d5c50000,0x00000000d5c80000)
  to   space 512K, 0% used [0x00000000d5c80000,0x00000000d5c80000,0x00000000d5d00000)
 ParOldGen       total 999936K, used 998463K [0x0000000080000000, 0x00000000bd080000, 0x00000000d5580000)
  object space 999936K, 99% used [0x0000000080000000,0x00000000bcf0fc68,0x00000000bd080000)
 Metaspace       used 90975K, committed 92672K, reserved 1179648K
  class space    used 9113K, committed 9920K, reserved 1048576K
}
Event: 148684.585 GC heap after
{Heap after GC invocations=2725 (full 5):
 PSYoungGen      total 3072K, used 256K [0x00000000d5580000, 0x00000000d5d00000, 0x0000000100000000)
  eden space 2560K, 0% used [0x00000000d5580000,0x00000000d5580000,0x00000000d5800000)
  from space 512K, 50% used [0x00000000d5c80000,0x00000000d5cc0000,0x00000000d5d00000)
  to   space 512K, 0% used [0x00000000d5c00000,0x00000000d5c00000,0x00000000d5c80000)
 ParOldGen       total 999936K, used 998576K [0x0000000080000000, 0x00000000bd080000, 0x00000000d5580000)
  object space 999936K, 99% used [0x0000000080000000,0x00000000bcf2c088,0x00000000bd080000)
 Metaspace       used 90975K, committed 92672K, reserved 1179648K
  class space    used 9113K, committed 9920K, reserved 1048576K
}
Event: 152811.845 GC heap before
{Heap before GC invocations=2726 (full 5):
 PSYoungGen      total 3072K, used 2815K [0x00000000d5580000, 0x00000000d5d00000, 0x0000000100000000)
  eden space 2560K, 99% used [0x00000000d5580000,0x00000000d57ffff8,0x00000000d5800000)
  from space 512K, 50% used [0x00000000d5c80000,0x00000000d5cc0000,0x00000000d5d00000)
  to   space 512K, 0% used [0x00000000d5c00000,0x00000000d5c00000,0x00000000d5c80000)
 ParOldGen       total 999936K, used 998576K [0x0000000080000000, 0x00000000bd080000, 0x00000000d5580000)
  object space 999936K, 99% used [0x0000000080000000,0x00000000bcf2c088,0x00000000bd080000)
 Metaspace       used 90984K, committed 92672K, reserved 1179648K
  class space    used 9115K, committed 9920K, reserved 1048576K
}
Event: 152811.920 GC heap after
{Heap after GC invocations=2726 (full 5):
 PSYoungGen      total 3072K, used 224K [0x00000000d5580000, 0x00000000d5d00000, 0x0000000100000000)
  eden space 2560K, 0% used [0x00000000d5580000,0x00000000d5580000,0x00000000d5800000)
  from space 512K, 43% used [0x00000000d5c00000,0x00000000d5c38000,0x00000000d5c80000)
  to   space 512K, 0% used [0x00000000d5c80000,0x00000000d5c80000,0x00000000d5d00000)
 ParOldGen       total 999936K, used 998616K [0x0000000080000000, 0x00000000bd080000, 0x00000000d5580000)
  object space 999936K, 99% used [0x0000000080000000,0x00000000bcf36088,0x00000000bd080000)
 Metaspace       used 90984K, committed 92672K, reserved 1179648K
  class space    used 9115K, committed 9920K, reserved 1048576K
}

